2024-04-20 22:29:33.754 [info] Log level: Info
2024-04-20 22:29:33.754 [info] Validating found git in: "git"
2024-04-20 22:29:33.754 [info] Using git "2.34.1" from "git"
2024-04-20 22:29:33.754 [info] > git rev-parse --show-toplevel [3ms]
2024-04-20 22:29:33.758 [info] > git rev-parse --git-dir --git-common-dir [2ms]
2024-04-20 22:29:33.765 [info] Open repository: /home/liliekadd/BIO191/BIO191-Git
2024-04-20 22:29:33.773 [info] > git config --get commit.template [1ms]
2024-04-20 22:29:33.778 [info] > git for-each-ref --format=%(refname)%00%(upstream:short)%00%(objectname)%00%(upstream:track)%00%(upstream:remotename)%00%(upstream:remoteref) refs/heads/main refs/remotes/main [2ms]
2024-04-20 22:29:33.782 [warning] ENOENT: no such file or directory, open '/home/liliekadd/BIO191/BIO191-Git/.git/refs/remotes/origin/main'
2024-04-20 22:29:33.783 [info] > git rev-parse refs/remotes/origin/main [1ms]
2024-04-20 22:29:33.788 [info] > git status -z -uall [2ms]
2024-04-20 22:29:33.800 [info] > git merge-base refs/heads/main refs/remotes/origin/main [8ms]
2024-04-20 22:29:33.806 [info] > git config --get commit.template [6ms]
2024-04-20 22:29:33.806 [info] > git rev-list --count --left-right refs/heads/main...refs/remotes/origin/main [2ms]
2024-04-20 22:29:33.816 [info] > git for-each-ref --format=%(refname)%00%(upstream:short)%00%(objectname)%00%(upstream:track)%00%(upstream:remotename)%00%(upstream:remoteref) refs/heads/main refs/remotes/main [1ms]
2024-04-20 22:29:33.816 [info] > git diff --name-status -z --diff-filter=ADMR 65c39c256c79fd39cd3bbd441b9f9141ba76971e...refs/remotes/origin/main [6ms]
2024-04-20 22:29:33.820 [warning] ENOENT: no such file or directory, open '/home/liliekadd/BIO191/BIO191-Git/.git/refs/remotes/origin/main'
2024-04-20 22:29:33.821 [info] > git rev-parse refs/remotes/origin/main [1ms]
2024-04-20 22:29:33.825 [info] > git status -z -uall [1ms]
2024-04-20 22:29:34.294 [info] > git check-ignore -v -z --stdin [1ms]
