2024-04-20 22:32:25.421 [info] Extension host with pid 431 started
2024-04-20 22:32:25.458 [info] Lock '/home/liliekadd/.vscode-server/data/User/workspaceStorage/7e2dd1b2e3650c8091bd7c47702cb59d/vscode.lock': Lock acquired.
2024-04-20 22:32:25.493 [info] ExtensionService#_doActivateExtension vscode.git-base, startup: true, activationEvent: '*', root cause: vscode.git
2024-04-20 22:32:25.537 [info] ExtensionService#_doActivateExtension vscode.git, startup: true, activationEvent: '*'
2024-04-20 22:32:25.537 [info] ExtensionService#_doActivateExtension vscode.github, startup: true, activationEvent: '*'
2024-04-20 22:32:26.005 [info] Eager extensions activated
2024-04-20 22:32:26.005 [info] ExtensionService#_doActivateExtension vscode.debug-auto-launch, startup: false, activationEvent: 'onStartupFinished'
2024-04-20 22:32:26.017 [info] ExtensionService#_doActivateExtension vscode.merge-conflict, startup: false, activationEvent: 'onStartupFinished'
2024-04-20 22:32:26.018 [info] ExtensionService#_doActivateExtension formulahendry.code-runner, startup: false, activationEvent: 'onStartupFinished'
2024-04-20 22:32:26.169 [info] Extension host terminating: received terminate message from renderer
2024-04-20 22:32:26.183 [info] Lock '/home/liliekadd/.vscode-server/data/User/workspaceStorage/7e2dd1b2e3650c8091bd7c47702cb59d/vscode.lock': Marking the lockfile as scheduled to be released in 6000 ms.
2024-04-20 22:32:26.224 [error] Canceled: Canceled
	at Object.D [as $6] (/home/liliekadd/.vscode-server/bin/e170252f762678dec6ca2cc69aba1570769a5d39/out/vs/workbench/api/node/extensionHostProcess.js:10:967)
	at /home/liliekadd/.vscode-server/bin/e170252f762678dec6ca2cc69aba1570769a5d39/out/vs/workbench/api/node/extensionHostProcess.js:151:2335
	at Array.forEach (<anonymous>)
	at l.dispose (/home/liliekadd/.vscode-server/bin/e170252f762678dec6ca2cc69aba1570769a5d39/out/vs/workbench/api/node/extensionHostProcess.js:151:2273)
	at g.terminate (/home/liliekadd/.vscode-server/bin/e170252f762678dec6ca2cc69aba1570769a5d39/out/vs/workbench/api/node/extensionHostProcess.js:160:8053)
	at o.terminate (/home/liliekadd/.vscode-server/bin/e170252f762678dec6ca2cc69aba1570769a5d39/out/vs/workbench/api/node/extensionHostProcess.js:164:1513)
	at t (/home/liliekadd/.vscode-server/bin/e170252f762678dec6ca2cc69aba1570769a5d39/out/vs/workbench/api/node/extensionHostProcess.js:177:9917)
	at o.value (/home/liliekadd/.vscode-server/bin/e170252f762678dec6ca2cc69aba1570769a5d39/out/vs/workbench/api/node/extensionHostProcess.js:177:7964)
	at s.y (/home/liliekadd/.vscode-server/bin/e170252f762678dec6ca2cc69aba1570769a5d39/out/vs/workbench/api/node/extensionHostProcess.js:82:659)
	at s.fire (/home/liliekadd/.vscode-server/bin/e170252f762678dec6ca2cc69aba1570769a5d39/out/vs/workbench/api/node/extensionHostProcess.js:82:876)
	at r.fire (/home/liliekadd/.vscode-server/bin/e170252f762678dec6ca2cc69aba1570769a5d39/out/vs/workbench/api/node/extensionHostProcess.js:107:14173)
	at d.z (/home/liliekadd/.vscode-server/bin/e170252f762678dec6ca2cc69aba1570769a5d39/out/vs/workbench/api/node/extensionHostProcess.js:107:17238)
	at o.value (/home/liliekadd/.vscode-server/bin/e170252f762678dec6ca2cc69aba1570769a5d39/out/vs/workbench/api/node/extensionHostProcess.js:107:15690)
	at s.y (/home/liliekadd/.vscode-server/bin/e170252f762678dec6ca2cc69aba1570769a5d39/out/vs/workbench/api/node/extensionHostProcess.js:82:659)
	at s.fire (/home/liliekadd/.vscode-server/bin/e170252f762678dec6ca2cc69aba1570769a5d39/out/vs/workbench/api/node/extensionHostProcess.js:82:876)
	at g.acceptChunk (/home/liliekadd/.vscode-server/bin/e170252f762678dec6ca2cc69aba1570769a5d39/out/vs/workbench/api/node/extensionHostProcess.js:107:11947)
	at o.value (/home/liliekadd/.vscode-server/bin/e170252f762678dec6ca2cc69aba1570769a5d39/out/vs/workbench/api/node/extensionHostProcess.js:107:11234)
	at s.y (/home/liliekadd/.vscode-server/bin/e170252f762678dec6ca2cc69aba1570769a5d39/out/vs/workbench/api/node/extensionHostProcess.js:82:659)
	at s.fire (/home/liliekadd/.vscode-server/bin/e170252f762678dec6ca2cc69aba1570769a5d39/out/vs/workbench/api/node/extensionHostProcess.js:82:876)
	at i.z (/home/liliekadd/.vscode-server/bin/e170252f762678dec6ca2cc69aba1570769a5d39/out/vs/workbench/api/node/extensionHostProcess.js:174:19732)
	at i.acceptFrame (/home/liliekadd/.vscode-server/bin/e170252f762678dec6ca2cc69aba1570769a5d39/out/vs/workbench/api/node/extensionHostProcess.js:174:19538)
	at n (/home/liliekadd/.vscode-server/bin/e170252f762678dec6ca2cc69aba1570769a5d39/out/vs/workbench/api/node/extensionHostProcess.js:174:18037)
	at /home/liliekadd/.vscode-server/bin/e170252f762678dec6ca2cc69aba1570769a5d39/out/vs/workbench/api/node/extensionHostProcess.js:174:15257
	at Socket.k (/home/liliekadd/.vscode-server/bin/e170252f762678dec6ca2cc69aba1570769a5d39/out/vs/workbench/api/node/extensionHostProcess.js:174:13162)
	at Socket.emit (node:events:517:28)
	at addChunk (node:internal/streams/readable:335:12)
	at readableAddChunk (node:internal/streams/readable:308:9)
	at Readable.push (node:internal/streams/readable:245:10)
	at TCP.onStreamRead (node:internal/stream_base_commons:190:23) setContext undefined
2024-04-20 22:32:26.225 [error] Canceled: Canceled
	at Object.D [as $6] (/home/liliekadd/.vscode-server/bin/e170252f762678dec6ca2cc69aba1570769a5d39/out/vs/workbench/api/node/extensionHostProcess.js:10:967)
	at /home/liliekadd/.vscode-server/bin/e170252f762678dec6ca2cc69aba1570769a5d39/out/vs/workbench/api/node/extensionHostProcess.js:151:2335
	at Array.forEach (<anonymous>)
	at l.dispose (/home/liliekadd/.vscode-server/bin/e170252f762678dec6ca2cc69aba1570769a5d39/out/vs/workbench/api/node/extensionHostProcess.js:151:2273)
	at g.terminate (/home/liliekadd/.vscode-server/bin/e170252f762678dec6ca2cc69aba1570769a5d39/out/vs/workbench/api/node/extensionHostProcess.js:160:8053)
	at o.terminate (/home/liliekadd/.vscode-server/bin/e170252f762678dec6ca2cc69aba1570769a5d39/out/vs/workbench/api/node/extensionHostProcess.js:164:1513)
	at t (/home/liliekadd/.vscode-server/bin/e170252f762678dec6ca2cc69aba1570769a5d39/out/vs/workbench/api/node/extensionHostProcess.js:177:9917)
	at o.value (/home/liliekadd/.vscode-server/bin/e170252f762678dec6ca2cc69aba1570769a5d39/out/vs/workbench/api/node/extensionHostProcess.js:177:7964)
	at s.y (/home/liliekadd/.vscode-server/bin/e170252f762678dec6ca2cc69aba1570769a5d39/out/vs/workbench/api/node/extensionHostProcess.js:82:659)
	at s.fire (/home/liliekadd/.vscode-server/bin/e170252f762678dec6ca2cc69aba1570769a5d39/out/vs/workbench/api/node/extensionHostProcess.js:82:876)
	at r.fire (/home/liliekadd/.vscode-server/bin/e170252f762678dec6ca2cc69aba1570769a5d39/out/vs/workbench/api/node/extensionHostProcess.js:107:14173)
	at d.z (/home/liliekadd/.vscode-server/bin/e170252f762678dec6ca2cc69aba1570769a5d39/out/vs/workbench/api/node/extensionHostProcess.js:107:17238)
	at o.value (/home/liliekadd/.vscode-server/bin/e170252f762678dec6ca2cc69aba1570769a5d39/out/vs/workbench/api/node/extensionHostProcess.js:107:15690)
	at s.y (/home/liliekadd/.vscode-server/bin/e170252f762678dec6ca2cc69aba1570769a5d39/out/vs/workbench/api/node/extensionHostProcess.js:82:659)
	at s.fire (/home/liliekadd/.vscode-server/bin/e170252f762678dec6ca2cc69aba1570769a5d39/out/vs/workbench/api/node/extensionHostProcess.js:82:876)
	at g.acceptChunk (/home/liliekadd/.vscode-server/bin/e170252f762678dec6ca2cc69aba1570769a5d39/out/vs/workbench/api/node/extensionHostProcess.js:107:11947)
	at o.value (/home/liliekadd/.vscode-server/bin/e170252f762678dec6ca2cc69aba1570769a5d39/out/vs/workbench/api/node/extensionHostProcess.js:107:11234)
	at s.y (/home/liliekadd/.vscode-server/bin/e170252f762678dec6ca2cc69aba1570769a5d39/out/vs/workbench/api/node/extensionHostProcess.js:82:659)
	at s.fire (/home/liliekadd/.vscode-server/bin/e170252f762678dec6ca2cc69aba1570769a5d39/out/vs/workbench/api/node/extensionHostProcess.js:82:876)
	at i.z (/home/liliekadd/.vscode-server/bin/e170252f762678dec6ca2cc69aba1570769a5d39/out/vs/workbench/api/node/extensionHostProcess.js:174:19732)
	at i.acceptFrame (/home/liliekadd/.vscode-server/bin/e170252f762678dec6ca2cc69aba1570769a5d39/out/vs/workbench/api/node/extensionHostProcess.js:174:19538)
	at n (/home/liliekadd/.vscode-server/bin/e170252f762678dec6ca2cc69aba1570769a5d39/out/vs/workbench/api/node/extensionHostProcess.js:174:18037)
	at /home/liliekadd/.vscode-server/bin/e170252f762678dec6ca2cc69aba1570769a5d39/out/vs/workbench/api/node/extensionHostProcess.js:174:15257
	at Socket.k (/home/liliekadd/.vscode-server/bin/e170252f762678dec6ca2cc69aba1570769a5d39/out/vs/workbench/api/node/extensionHostProcess.js:174:13162)
	at Socket.emit (node:events:517:28)
	at addChunk (node:internal/streams/readable:335:12)
	at readableAddChunk (node:internal/streams/readable:308:9)
	at Readable.push (node:internal/streams/readable:245:10)
	at TCP.onStreamRead (node:internal/stream_base_commons:190:23) setContext undefined
2024-04-20 22:32:26.226 [error] Canceled: Canceled
	at Object.D [as $6] (/home/liliekadd/.vscode-server/bin/e170252f762678dec6ca2cc69aba1570769a5d39/out/vs/workbench/api/node/extensionHostProcess.js:10:967)
	at /home/liliekadd/.vscode-server/bin/e170252f762678dec6ca2cc69aba1570769a5d39/out/vs/workbench/api/node/extensionHostProcess.js:151:2335
	at Array.forEach (<anonymous>)
	at l.dispose (/home/liliekadd/.vscode-server/bin/e170252f762678dec6ca2cc69aba1570769a5d39/out/vs/workbench/api/node/extensionHostProcess.js:151:2273)
	at g.terminate (/home/liliekadd/.vscode-server/bin/e170252f762678dec6ca2cc69aba1570769a5d39/out/vs/workbench/api/node/extensionHostProcess.js:160:8053)
	at o.terminate (/home/liliekadd/.vscode-server/bin/e170252f762678dec6ca2cc69aba1570769a5d39/out/vs/workbench/api/node/extensionHostProcess.js:164:1513)
	at t (/home/liliekadd/.vscode-server/bin/e170252f762678dec6ca2cc69aba1570769a5d39/out/vs/workbench/api/node/extensionHostProcess.js:177:9917)
	at o.value (/home/liliekadd/.vscode-server/bin/e170252f762678dec6ca2cc69aba1570769a5d39/out/vs/workbench/api/node/extensionHostProcess.js:177:7964)
	at s.y (/home/liliekadd/.vscode-server/bin/e170252f762678dec6ca2cc69aba1570769a5d39/out/vs/workbench/api/node/extensionHostProcess.js:82:659)
	at s.fire (/home/liliekadd/.vscode-server/bin/e170252f762678dec6ca2cc69aba1570769a5d39/out/vs/workbench/api/node/extensionHostProcess.js:82:876)
	at r.fire (/home/liliekadd/.vscode-server/bin/e170252f762678dec6ca2cc69aba1570769a5d39/out/vs/workbench/api/node/extensionHostProcess.js:107:14173)
	at d.z (/home/liliekadd/.vscode-server/bin/e170252f762678dec6ca2cc69aba1570769a5d39/out/vs/workbench/api/node/extensionHostProcess.js:107:17238)
	at o.value (/home/liliekadd/.vscode-server/bin/e170252f762678dec6ca2cc69aba1570769a5d39/out/vs/workbench/api/node/extensionHostProcess.js:107:15690)
	at s.y (/home/liliekadd/.vscode-server/bin/e170252f762678dec6ca2cc69aba1570769a5d39/out/vs/workbench/api/node/extensionHostProcess.js:82:659)
	at s.fire (/home/liliekadd/.vscode-server/bin/e170252f762678dec6ca2cc69aba1570769a5d39/out/vs/workbench/api/node/extensionHostProcess.js:82:876)
	at g.acceptChunk (/home/liliekadd/.vscode-server/bin/e170252f762678dec6ca2cc69aba1570769a5d39/out/vs/workbench/api/node/extensionHostProcess.js:107:11947)
	at o.value (/home/liliekadd/.vscode-server/bin/e170252f762678dec6ca2cc69aba1570769a5d39/out/vs/workbench/api/node/extensionHostProcess.js:107:11234)
	at s.y (/home/liliekadd/.vscode-server/bin/e170252f762678dec6ca2cc69aba1570769a5d39/out/vs/workbench/api/node/extensionHostProcess.js:82:659)
	at s.fire (/home/liliekadd/.vscode-server/bin/e170252f762678dec6ca2cc69aba1570769a5d39/out/vs/workbench/api/node/extensionHostProcess.js:82:876)
	at i.z (/home/liliekadd/.vscode-server/bin/e170252f762678dec6ca2cc69aba1570769a5d39/out/vs/workbench/api/node/extensionHostProcess.js:174:19732)
	at i.acceptFrame (/home/liliekadd/.vscode-server/bin/e170252f762678dec6ca2cc69aba1570769a5d39/out/vs/workbench/api/node/extensionHostProcess.js:174:19538)
	at n (/home/liliekadd/.vscode-server/bin/e170252f762678dec6ca2cc69aba1570769a5d39/out/vs/workbench/api/node/extensionHostProcess.js:174:18037)
	at /home/liliekadd/.vscode-server/bin/e170252f762678dec6ca2cc69aba1570769a5d39/out/vs/workbench/api/node/extensionHostProcess.js:174:15257
	at Socket.k (/home/liliekadd/.vscode-server/bin/e170252f762678dec6ca2cc69aba1570769a5d39/out/vs/workbench/api/node/extensionHostProcess.js:174:13162)
	at Socket.emit (node:events:517:28)
	at addChunk (node:internal/streams/readable:335:12)
	at readableAddChunk (node:internal/streams/readable:308:9)
	at Readable.push (node:internal/streams/readable:245:10)
	at TCP.onStreamRead (node:internal/stream_base_commons:190:23) setContext undefined
2024-04-20 22:32:26.227 [error] Canceled: Canceled
	at Object.D [as $6] (/home/liliekadd/.vscode-server/bin/e170252f762678dec6ca2cc69aba1570769a5d39/out/vs/workbench/api/node/extensionHostProcess.js:10:967)
	at /home/liliekadd/.vscode-server/bin/e170252f762678dec6ca2cc69aba1570769a5d39/out/vs/workbench/api/node/extensionHostProcess.js:151:2335
	at Array.forEach (<anonymous>)
	at l.dispose (/home/liliekadd/.vscode-server/bin/e170252f762678dec6ca2cc69aba1570769a5d39/out/vs/workbench/api/node/extensionHostProcess.js:151:2273)
	at g.terminate (/home/liliekadd/.vscode-server/bin/e170252f762678dec6ca2cc69aba1570769a5d39/out/vs/workbench/api/node/extensionHostProcess.js:160:8053)
	at o.terminate (/home/liliekadd/.vscode-server/bin/e170252f762678dec6ca2cc69aba1570769a5d39/out/vs/workbench/api/node/extensionHostProcess.js:164:1513)
	at t (/home/liliekadd/.vscode-server/bin/e170252f762678dec6ca2cc69aba1570769a5d39/out/vs/workbench/api/node/extensionHostProcess.js:177:9917)
	at o.value (/home/liliekadd/.vscode-server/bin/e170252f762678dec6ca2cc69aba1570769a5d39/out/vs/workbench/api/node/extensionHostProcess.js:177:7964)
	at s.y (/home/liliekadd/.vscode-server/bin/e170252f762678dec6ca2cc69aba1570769a5d39/out/vs/workbench/api/node/extensionHostProcess.js:82:659)
	at s.fire (/home/liliekadd/.vscode-server/bin/e170252f762678dec6ca2cc69aba1570769a5d39/out/vs/workbench/api/node/extensionHostProcess.js:82:876)
	at r.fire (/home/liliekadd/.vscode-server/bin/e170252f762678dec6ca2cc69aba1570769a5d39/out/vs/workbench/api/node/extensionHostProcess.js:107:14173)
	at d.z (/home/liliekadd/.vscode-server/bin/e170252f762678dec6ca2cc69aba1570769a5d39/out/vs/workbench/api/node/extensionHostProcess.js:107:17238)
	at o.value (/home/liliekadd/.vscode-server/bin/e170252f762678dec6ca2cc69aba1570769a5d39/out/vs/workbench/api/node/extensionHostProcess.js:107:15690)
	at s.y (/home/liliekadd/.vscode-server/bin/e170252f762678dec6ca2cc69aba1570769a5d39/out/vs/workbench/api/node/extensionHostProcess.js:82:659)
	at s.fire (/home/liliekadd/.vscode-server/bin/e170252f762678dec6ca2cc69aba1570769a5d39/out/vs/workbench/api/node/extensionHostProcess.js:82:876)
	at g.acceptChunk (/home/liliekadd/.vscode-server/bin/e170252f762678dec6ca2cc69aba1570769a5d39/out/vs/workbench/api/node/extensionHostProcess.js:107:11947)
	at o.value (/home/liliekadd/.vscode-server/bin/e170252f762678dec6ca2cc69aba1570769a5d39/out/vs/workbench/api/node/extensionHostProcess.js:107:11234)
	at s.y (/home/liliekadd/.vscode-server/bin/e170252f762678dec6ca2cc69aba1570769a5d39/out/vs/workbench/api/node/extensionHostProcess.js:82:659)
	at s.fire (/home/liliekadd/.vscode-server/bin/e170252f762678dec6ca2cc69aba1570769a5d39/out/vs/workbench/api/node/extensionHostProcess.js:82:876)
	at i.z (/home/liliekadd/.vscode-server/bin/e170252f762678dec6ca2cc69aba1570769a5d39/out/vs/workbench/api/node/extensionHostProcess.js:174:19732)
	at i.acceptFrame (/home/liliekadd/.vscode-server/bin/e170252f762678dec6ca2cc69aba1570769a5d39/out/vs/workbench/api/node/extensionHostProcess.js:174:19538)
	at n (/home/liliekadd/.vscode-server/bin/e170252f762678dec6ca2cc69aba1570769a5d39/out/vs/workbench/api/node/extensionHostProcess.js:174:18037)
	at /home/liliekadd/.vscode-server/bin/e170252f762678dec6ca2cc69aba1570769a5d39/out/vs/workbench/api/node/extensionHostProcess.js:174:15257
	at Socket.k (/home/liliekadd/.vscode-server/bin/e170252f762678dec6ca2cc69aba1570769a5d39/out/vs/workbench/api/node/extensionHostProcess.js:174:13162)
	at Socket.emit (node:events:517:28)
	at addChunk (node:internal/streams/readable:335:12)
	at readableAddChunk (node:internal/streams/readable:308:9)
	at Readable.push (node:internal/streams/readable:245:10)
	at TCP.onStreamRead (node:internal/stream_base_commons:190:23) setContext undefined
2024-04-20 22:32:26.227 [error] Canceled: Canceled
	at Object.D [as $6] (/home/liliekadd/.vscode-server/bin/e170252f762678dec6ca2cc69aba1570769a5d39/out/vs/workbench/api/node/extensionHostProcess.js:10:967)
	at /home/liliekadd/.vscode-server/bin/e170252f762678dec6ca2cc69aba1570769a5d39/out/vs/workbench/api/node/extensionHostProcess.js:151:2335
	at Array.forEach (<anonymous>)
	at l.dispose (/home/liliekadd/.vscode-server/bin/e170252f762678dec6ca2cc69aba1570769a5d39/out/vs/workbench/api/node/extensionHostProcess.js:151:2273)
	at g.terminate (/home/liliekadd/.vscode-server/bin/e170252f762678dec6ca2cc69aba1570769a5d39/out/vs/workbench/api/node/extensionHostProcess.js:160:8053)
	at o.terminate (/home/liliekadd/.vscode-server/bin/e170252f762678dec6ca2cc69aba1570769a5d39/out/vs/workbench/api/node/extensionHostProcess.js:164:1513)
	at t (/home/liliekadd/.vscode-server/bin/e170252f762678dec6ca2cc69aba1570769a5d39/out/vs/workbench/api/node/extensionHostProcess.js:177:9917)
	at o.value (/home/liliekadd/.vscode-server/bin/e170252f762678dec6ca2cc69aba1570769a5d39/out/vs/workbench/api/node/extensionHostProcess.js:177:7964)
	at s.y (/home/liliekadd/.vscode-server/bin/e170252f762678dec6ca2cc69aba1570769a5d39/out/vs/workbench/api/node/extensionHostProcess.js:82:659)
	at s.fire (/home/liliekadd/.vscode-server/bin/e170252f762678dec6ca2cc69aba1570769a5d39/out/vs/workbench/api/node/extensionHostProcess.js:82:876)
	at r.fire (/home/liliekadd/.vscode-server/bin/e170252f762678dec6ca2cc69aba1570769a5d39/out/vs/workbench/api/node/extensionHostProcess.js:107:14173)
	at d.z (/home/liliekadd/.vscode-server/bin/e170252f762678dec6ca2cc69aba1570769a5d39/out/vs/workbench/api/node/extensionHostProcess.js:107:17238)
	at o.value (/home/liliekadd/.vscode-server/bin/e170252f762678dec6ca2cc69aba1570769a5d39/out/vs/workbench/api/node/extensionHostProcess.js:107:15690)
	at s.y (/home/liliekadd/.vscode-server/bin/e170252f762678dec6ca2cc69aba1570769a5d39/out/vs/workbench/api/node/extensionHostProcess.js:82:659)
	at s.fire (/home/liliekadd/.vscode-server/bin/e170252f762678dec6ca2cc69aba1570769a5d39/out/vs/workbench/api/node/extensionHostProcess.js:82:876)
	at g.acceptChunk (/home/liliekadd/.vscode-server/bin/e170252f762678dec6ca2cc69aba1570769a5d39/out/vs/workbench/api/node/extensionHostProcess.js:107:11947)
	at o.value (/home/liliekadd/.vscode-server/bin/e170252f762678dec6ca2cc69aba1570769a5d39/out/vs/workbench/api/node/extensionHostProcess.js:107:11234)
	at s.y (/home/liliekadd/.vscode-server/bin/e170252f762678dec6ca2cc69aba1570769a5d39/out/vs/workbench/api/node/extensionHostProcess.js:82:659)
	at s.fire (/home/liliekadd/.vscode-server/bin/e170252f762678dec6ca2cc69aba1570769a5d39/out/vs/workbench/api/node/extensionHostProcess.js:82:876)
	at i.z (/home/liliekadd/.vscode-server/bin/e170252f762678dec6ca2cc69aba1570769a5d39/out/vs/workbench/api/node/extensionHostProcess.js:174:19732)
	at i.acceptFrame (/home/liliekadd/.vscode-server/bin/e170252f762678dec6ca2cc69aba1570769a5d39/out/vs/workbench/api/node/extensionHostProcess.js:174:19538)
	at n (/home/liliekadd/.vscode-server/bin/e170252f762678dec6ca2cc69aba1570769a5d39/out/vs/workbench/api/node/extensionHostProcess.js:174:18037)
	at /home/liliekadd/.vscode-server/bin/e170252f762678dec6ca2cc69aba1570769a5d39/out/vs/workbench/api/node/extensionHostProcess.js:174:15257
	at Socket.k (/home/liliekadd/.vscode-server/bin/e170252f762678dec6ca2cc69aba1570769a5d39/out/vs/workbench/api/node/extensionHostProcess.js:174:13162)
	at Socket.emit (node:events:517:28)
	at addChunk (node:internal/streams/readable:335:12)
	at readableAddChunk (node:internal/streams/readable:308:9)
	at Readable.push (node:internal/streams/readable:245:10)
	at TCP.onStreamRead (node:internal/stream_base_commons:190:23) setContext undefined
2024-04-20 22:32:26.228 [error] Canceled: Canceled
	at Object.D [as $6] (/home/liliekadd/.vscode-server/bin/e170252f762678dec6ca2cc69aba1570769a5d39/out/vs/workbench/api/node/extensionHostProcess.js:10:967)
	at /home/liliekadd/.vscode-server/bin/e170252f762678dec6ca2cc69aba1570769a5d39/out/vs/workbench/api/node/extensionHostProcess.js:151:2335
	at Array.forEach (<anonymous>)
	at l.dispose (/home/liliekadd/.vscode-server/bin/e170252f762678dec6ca2cc69aba1570769a5d39/out/vs/workbench/api/node/extensionHostProcess.js:151:2273)
	at g.terminate (/home/liliekadd/.vscode-server/bin/e170252f762678dec6ca2cc69aba1570769a5d39/out/vs/workbench/api/node/extensionHostProcess.js:160:8053)
	at o.terminate (/home/liliekadd/.vscode-server/bin/e170252f762678dec6ca2cc69aba1570769a5d39/out/vs/workbench/api/node/extensionHostProcess.js:164:1513)
	at t (/home/liliekadd/.vscode-server/bin/e170252f762678dec6ca2cc69aba1570769a5d39/out/vs/workbench/api/node/extensionHostProcess.js:177:9917)
	at o.value (/home/liliekadd/.vscode-server/bin/e170252f762678dec6ca2cc69aba1570769a5d39/out/vs/workbench/api/node/extensionHostProcess.js:177:7964)
	at s.y (/home/liliekadd/.vscode-server/bin/e170252f762678dec6ca2cc69aba1570769a5d39/out/vs/workbench/api/node/extensionHostProcess.js:82:659)
	at s.fire (/home/liliekadd/.vscode-server/bin/e170252f762678dec6ca2cc69aba1570769a5d39/out/vs/workbench/api/node/extensionHostProcess.js:82:876)
	at r.fire (/home/liliekadd/.vscode-server/bin/e170252f762678dec6ca2cc69aba1570769a5d39/out/vs/workbench/api/node/extensionHostProcess.js:107:14173)
	at d.z (/home/liliekadd/.vscode-server/bin/e170252f762678dec6ca2cc69aba1570769a5d39/out/vs/workbench/api/node/extensionHostProcess.js:107:17238)
	at o.value (/home/liliekadd/.vscode-server/bin/e170252f762678dec6ca2cc69aba1570769a5d39/out/vs/workbench/api/node/extensionHostProcess.js:107:15690)
	at s.y (/home/liliekadd/.vscode-server/bin/e170252f762678dec6ca2cc69aba1570769a5d39/out/vs/workbench/api/node/extensionHostProcess.js:82:659)
	at s.fire (/home/liliekadd/.vscode-server/bin/e170252f762678dec6ca2cc69aba1570769a5d39/out/vs/workbench/api/node/extensionHostProcess.js:82:876)
	at g.acceptChunk (/home/liliekadd/.vscode-server/bin/e170252f762678dec6ca2cc69aba1570769a5d39/out/vs/workbench/api/node/extensionHostProcess.js:107:11947)
	at o.value (/home/liliekadd/.vscode-server/bin/e170252f762678dec6ca2cc69aba1570769a5d39/out/vs/workbench/api/node/extensionHostProcess.js:107:11234)
	at s.y (/home/liliekadd/.vscode-server/bin/e170252f762678dec6ca2cc69aba1570769a5d39/out/vs/workbench/api/node/extensionHostProcess.js:82:659)
	at s.fire (/home/liliekadd/.vscode-server/bin/e170252f762678dec6ca2cc69aba1570769a5d39/out/vs/workbench/api/node/extensionHostProcess.js:82:876)
	at i.z (/home/liliekadd/.vscode-server/bin/e170252f762678dec6ca2cc69aba1570769a5d39/out/vs/workbench/api/node/extensionHostProcess.js:174:19732)
	at i.acceptFrame (/home/liliekadd/.vscode-server/bin/e170252f762678dec6ca2cc69aba1570769a5d39/out/vs/workbench/api/node/extensionHostProcess.js:174:19538)
	at n (/home/liliekadd/.vscode-server/bin/e170252f762678dec6ca2cc69aba1570769a5d39/out/vs/workbench/api/node/extensionHostProcess.js:174:18037)
	at /home/liliekadd/.vscode-server/bin/e170252f762678dec6ca2cc69aba1570769a5d39/out/vs/workbench/api/node/extensionHostProcess.js:174:15257
	at Socket.k (/home/liliekadd/.vscode-server/bin/e170252f762678dec6ca2cc69aba1570769a5d39/out/vs/workbench/api/node/extensionHostProcess.js:174:13162)
	at Socket.emit (node:events:517:28)
	at addChunk (node:internal/streams/readable:335:12)
	at readableAddChunk (node:internal/streams/readable:308:9)
	at Readable.push (node:internal/streams/readable:245:10)
	at TCP.onStreamRead (node:internal/stream_base_commons:190:23) setContext undefined
2024-04-20 22:32:26.228 [error] Canceled: Canceled
	at Object.D [as $6] (/home/liliekadd/.vscode-server/bin/e170252f762678dec6ca2cc69aba1570769a5d39/out/vs/workbench/api/node/extensionHostProcess.js:10:967)
	at /home/liliekadd/.vscode-server/bin/e170252f762678dec6ca2cc69aba1570769a5d39/out/vs/workbench/api/node/extensionHostProcess.js:151:2335
	at Array.forEach (<anonymous>)
	at l.dispose (/home/liliekadd/.vscode-server/bin/e170252f762678dec6ca2cc69aba1570769a5d39/out/vs/workbench/api/node/extensionHostProcess.js:151:2273)
	at g.terminate (/home/liliekadd/.vscode-server/bin/e170252f762678dec6ca2cc69aba1570769a5d39/out/vs/workbench/api/node/extensionHostProcess.js:160:8053)
	at o.terminate (/home/liliekadd/.vscode-server/bin/e170252f762678dec6ca2cc69aba1570769a5d39/out/vs/workbench/api/node/extensionHostProcess.js:164:1513)
	at t (/home/liliekadd/.vscode-server/bin/e170252f762678dec6ca2cc69aba1570769a5d39/out/vs/workbench/api/node/extensionHostProcess.js:177:9917)
	at o.value (/home/liliekadd/.vscode-server/bin/e170252f762678dec6ca2cc69aba1570769a5d39/out/vs/workbench/api/node/extensionHostProcess.js:177:7964)
	at s.y (/home/liliekadd/.vscode-server/bin/e170252f762678dec6ca2cc69aba1570769a5d39/out/vs/workbench/api/node/extensionHostProcess.js:82:659)
	at s.fire (/home/liliekadd/.vscode-server/bin/e170252f762678dec6ca2cc69aba1570769a5d39/out/vs/workbench/api/node/extensionHostProcess.js:82:876)
	at r.fire (/home/liliekadd/.vscode-server/bin/e170252f762678dec6ca2cc69aba1570769a5d39/out/vs/workbench/api/node/extensionHostProcess.js:107:14173)
	at d.z (/home/liliekadd/.vscode-server/bin/e170252f762678dec6ca2cc69aba1570769a5d39/out/vs/workbench/api/node/extensionHostProcess.js:107:17238)
	at o.value (/home/liliekadd/.vscode-server/bin/e170252f762678dec6ca2cc69aba1570769a5d39/out/vs/workbench/api/node/extensionHostProcess.js:107:15690)
	at s.y (/home/liliekadd/.vscode-server/bin/e170252f762678dec6ca2cc69aba1570769a5d39/out/vs/workbench/api/node/extensionHostProcess.js:82:659)
	at s.fire (/home/liliekadd/.vscode-server/bin/e170252f762678dec6ca2cc69aba1570769a5d39/out/vs/workbench/api/node/extensionHostProcess.js:82:876)
	at g.acceptChunk (/home/liliekadd/.vscode-server/bin/e170252f762678dec6ca2cc69aba1570769a5d39/out/vs/workbench/api/node/extensionHostProcess.js:107:11947)
	at o.value (/home/liliekadd/.vscode-server/bin/e170252f762678dec6ca2cc69aba1570769a5d39/out/vs/workbench/api/node/extensionHostProcess.js:107:11234)
	at s.y (/home/liliekadd/.vscode-server/bin/e170252f762678dec6ca2cc69aba1570769a5d39/out/vs/workbench/api/node/extensionHostProcess.js:82:659)
	at s.fire (/home/liliekadd/.vscode-server/bin/e170252f762678dec6ca2cc69aba1570769a5d39/out/vs/workbench/api/node/extensionHostProcess.js:82:876)
	at i.z (/home/liliekadd/.vscode-server/bin/e170252f762678dec6ca2cc69aba1570769a5d39/out/vs/workbench/api/node/extensionHostProcess.js:174:19732)
	at i.acceptFrame (/home/liliekadd/.vscode-server/bin/e170252f762678dec6ca2cc69aba1570769a5d39/out/vs/workbench/api/node/extensionHostProcess.js:174:19538)
	at n (/home/liliekadd/.vscode-server/bin/e170252f762678dec6ca2cc69aba1570769a5d39/out/vs/workbench/api/node/extensionHostProcess.js:174:18037)
	at /home/liliekadd/.vscode-server/bin/e170252f762678dec6ca2cc69aba1570769a5d39/out/vs/workbench/api/node/extensionHostProcess.js:174:15257
	at Socket.k (/home/liliekadd/.vscode-server/bin/e170252f762678dec6ca2cc69aba1570769a5d39/out/vs/workbench/api/node/extensionHostProcess.js:174:13162)
	at Socket.emit (node:events:517:28)
	at addChunk (node:internal/streams/readable:335:12)
	at readableAddChunk (node:internal/streams/readable:308:9)
	at Readable.push (node:internal/streams/readable:245:10)
	at TCP.onStreamRead (node:internal/stream_base_commons:190:23) setContext undefined
2024-04-20 22:32:26.234 [info] Extension host with pid 431 exiting with code 0
