2024-04-20 22:49:14.600 [info] (Client) Pylance async client (2024.4.1) started with python extension (2024.4.1)
2024-04-20 22:49:15.005 [info] [Info  - 10:49:14 PM] (8227) Pylance language server 2024.4.1 (pyright version 1.1.356, commit 6652c4a8) starting
2024-04-20 22:49:15.006 [info] [Info  - 10:49:15 PM] (8227) Server root directory: file:///home/liliekadd/.vscode-server/extensions/ms-python.vscode-pylance-2024.4.1/dist
2024-04-20 22:49:15.022 [info] [Info  - 10:49:15 PM] (8227) Starting service instance "<default>"
2024-04-20 22:49:15.042 [info] [Info  - 10:49:15 PM] (8227) Setting pythonPath for service "<default>": "/bin/python3"
2024-04-20 22:49:15.042 [info] [Info  - 10:49:15 PM] (8227) Setting environmentName for service "<default>": "3.8.10 (global)"
2024-04-20 22:49:15.059 [info] [Info  - 10:49:15 PM] (8227) Assuming Python version 3.10.12.final.0
2024-04-20 22:49:15.148 [info] [Info  - 10:49:15 PM] (8227) No source files found.
2024-04-20 22:49:15.200 [info] [Info  - 10:49:15 PM] (8227) Setting pythonPath for service "<default>": "/bin/python3"
2024-04-20 22:49:15.200 [info] [Info  - 10:49:15 PM] (8227) Setting environmentName for service "<default>": "3.8.10 (global)"
2024-04-20 22:49:15.219 [info] [Info  - 10:49:15 PM] (8227) Assuming Python version 3.10.12.final.0
2024-04-20 22:49:15.248 [info] [Info  - 10:49:15 PM] (8227) No source files found.
2024-04-20 22:49:15.424 [info] [Info  - 10:49:15 PM] (8227) Background analysis(1) root directory: file:///home/liliekadd/.vscode-server/extensions/ms-python.vscode-pylance-2024.4.1/dist
2024-04-20 22:49:15.426 [info] [Info  - 10:49:15 PM] (8227) Background analysis(1) started
2024-04-20 22:50:15.633 [info] [Info  - 10:50:15 PM] (8227) Setting pythonPath for service "<default>": "/bin/python3"
2024-04-20 22:50:15.633 [info] [Info  - 10:50:15 PM] (8227) Setting environmentName for service "<default>": "3.8.10 (global)"
2024-04-20 22:50:15.657 [info] [Info  - 10:50:15 PM] (8227) Assuming Python version 3.10.12.final.0
2024-04-20 22:50:15.699 [info] [Info  - 10:50:15 PM] (8227) No source files found.
2024-04-20 22:50:15.721 [info] [Info  - 10:50:15 PM] (8227) Setting pythonPath for service "<default>": "/bin/python3"
2024-04-20 22:50:15.722 [info] [Info  - 10:50:15 PM] (8227) Setting environmentName for service "<default>": "3.8.10 (global)"
2024-04-20 22:50:15.745 [info] [Info  - 10:50:15 PM] (8227) Assuming Python version 3.10.12.final.0
2024-04-20 22:50:15.779 [info] [Info  - 10:50:15 PM] (8227) No source files found.
